INFO  2022-01-21 00:05:18.456 [SpringApplicationShutdownHook] AbstractEntityManagerFactoryBean - Closing JPA EntityManagerFactory for persistence unit 'default'
INFO  2022-01-21 00:05:18.466 [SpringApplicationShutdownHook] HikariDataSource - HikariPool-1 - Shutdown initiated...
INFO  2022-01-21 00:05:18.485 [SpringApplicationShutdownHook] HikariDataSource - HikariPool-1 - Shutdown completed.
INFO  2022-01-21 00:06:20.847 [background-preinit] Version - HV000001: Hibernate Validator 6.2.0.Final
INFO  2022-01-21 00:06:21.011 [main] StartupInfoLogger - Starting CompanyHierarchyApplication using Java 11.0.1 on solomon with PID 61664 (/home/evandro/personal-workspace/company-hierarchy/target/classes started by evandro in /home/evandro/personal-workspace/company-hierarchy)
INFO  2022-01-21 00:06:21.044 [main] SpringApplication - No active profile set, falling back to default profiles: default
INFO  2022-01-21 00:06:23.494 [main] RepositoryConfigurationDelegate - Bootstrapping Spring Data JPA repositories in DEFAULT mode.
INFO  2022-01-21 00:06:23.646 [main] RepositoryConfigurationDelegate - Finished Spring Data repository scanning in 122 ms. Found 1 JPA repository interfaces.
INFO  2022-01-21 00:06:26.006 [main] TomcatWebServer - Tomcat initialized with port(s): 8080 (http)
INFO  2022-01-21 00:06:26.024 [main] DirectJDKLog - Initializing ProtocolHandler ["http-nio-8080"]
INFO  2022-01-21 00:06:26.026 [main] DirectJDKLog - Starting service [Tomcat]
INFO  2022-01-21 00:06:26.028 [main] DirectJDKLog - Starting Servlet engine: [Apache Tomcat/9.0.56]
INFO  2022-01-21 00:06:26.242 [main] DirectJDKLog - Initializing Spring embedded WebApplicationContext
INFO  2022-01-21 00:06:26.243 [main] ServletWebServerApplicationContext - Root WebApplicationContext: initialization completed in 5022 ms
INFO  2022-01-21 00:06:26.891 [main] LogHelper - HHH000204: Processing PersistenceUnitInfo [name: default]
INFO  2022-01-21 00:06:26.965 [main] Version - HHH000412: Hibernate ORM core version 5.6.3.Final
INFO  2022-01-21 00:06:27.278 [main] JavaReflectionManager - HCANN000001: Hibernate Commons Annotations {5.1.2.Final}
INFO  2022-01-21 00:06:27.427 [main] HikariDataSource - HikariPool-1 - Starting...
INFO  2022-01-21 00:06:27.773 [main] HikariDataSource - HikariPool-1 - Start completed.
INFO  2022-01-21 00:06:27.803 [main] Dialect - HHH000400: Using dialect: org.hibernate.dialect.PostgreSQLDialect
INFO  2022-01-21 00:06:29.021 [main] JtaPlatformInitiator - HHH000490: Using JtaPlatform implementation: [org.hibernate.engine.transaction.jta.platform.internal.NoJtaPlatform]
INFO  2022-01-21 00:06:29.050 [main] AbstractEntityManagerFactoryBean - Initialized JPA EntityManagerFactory for persistence unit 'default'
WARN  2022-01-21 00:06:30.824 [main] JpaBaseConfiguration$JpaWebConfiguration - spring.jpa.open-in-view is enabled by default. Therefore, database queries may be performed during view rendering. Explicitly configure spring.jpa.open-in-view to disable this warning
INFO  2022-01-21 00:06:31.262 [main] UserDetailsServiceAutoConfiguration - 

Using generated security password: 5bddc052-7a4a-443d-acbb-3ad1d26cfbe3

INFO  2022-01-21 00:06:31.610 [main] DefaultSecurityFilterChain - Will secure Ant [pattern='/v2/api-docs'] with []
INFO  2022-01-21 00:06:31.611 [main] DefaultSecurityFilterChain - Will secure Ant [pattern='/configuration/ui'] with []
INFO  2022-01-21 00:06:31.613 [main] DefaultSecurityFilterChain - Will secure Ant [pattern='/swagger-resources/**'] with []
INFO  2022-01-21 00:06:31.614 [main] DefaultSecurityFilterChain - Will secure Ant [pattern='/configuration/security'] with []
INFO  2022-01-21 00:06:31.614 [main] DefaultSecurityFilterChain - Will secure Ant [pattern='/swagger-ui.html'] with []
INFO  2022-01-21 00:06:31.615 [main] DefaultSecurityFilterChain - Will secure Ant [pattern='/webjars/**'] with []
INFO  2022-01-21 00:06:31.890 [main] DefaultSecurityFilterChain - Will secure any request with [org.springframework.security.web.context.request.async.WebAsyncManagerIntegrationFilter@70a91d72, org.springframework.security.web.context.SecurityContextPersistenceFilter@71e9640, org.springframework.security.web.header.HeaderWriterFilter@5c6be812, org.springframework.security.web.authentication.logout.LogoutFilter@3c5cb013, com.personio.companyhierarchy.security.filter.JWTAuthenticationFilter@52a9db63, org.springframework.security.web.savedrequest.RequestCacheAwareFilter@2932721e, org.springframework.security.web.servletapi.SecurityContextHolderAwareRequestFilter@7af7c9aa, org.springframework.security.web.authentication.AnonymousAuthenticationFilter@402d76c7, org.springframework.security.web.session.SessionManagementFilter@724e0a77, org.springframework.security.web.access.ExceptionTranslationFilter@27422187, org.springframework.security.web.access.intercept.FilterSecurityInterceptor@580e01cd]
INFO  2022-01-21 00:06:35.381 [main] DirectJDKLog - Starting ProtocolHandler ["http-nio-8080"]
INFO  2022-01-21 00:06:35.406 [main] TomcatWebServer - Tomcat started on port(s): 8080 (http) with context path ''
INFO  2022-01-21 00:06:35.431 [main] StartupInfoLogger - Started CompanyHierarchyApplication in 15.684 seconds (JVM running for 18.337)
INFO  2022-01-21 00:06:45.641 [http-nio-8080-exec-1] DirectJDKLog - Initializing Spring DispatcherServlet 'dispatcherServlet'
INFO  2022-01-21 00:06:45.642 [http-nio-8080-exec-1] FrameworkServlet - Initializing Servlet 'dispatcherServlet'
INFO  2022-01-21 00:06:45.645 [http-nio-8080-exec-1] FrameworkServlet - Completed initialization in 2 ms
INFO  2022-01-21 00:06:45.977 [http-nio-8080-exec-2] HierarchyController - Creating a new hierarchy. Submited structure: {
	"Pete": "Nick", 
	"Barbara": "Nick", 
	"Nick": "Sophie", 
	"Sophie": "Jonas",
	"Regina":"Nathalia",
	"Aurelio":"Regina",
	"Nathalia":"Stephanie",
	"Jonas":"Stephanie",
	"Stephanie":"Evandro",
	"Lucas":"Regina",
	"Alberto":"Edna",
	"Leonardo":"AnaJulia",
	"AnaJulia":"Alberto",
	"Juninho":"Leonardo",
	"Sophia":"Leonardo",
	"Edna":"Evandro",
	"Louro":"Edna"	
}
INFO  2022-01-21 00:06:45.983 [http-nio-8080-exec-2] HierarchyServiceImpl - Finding the boss of the structure...
INFO  2022-01-21 00:06:45.985 [http-nio-8080-exec-2] HierarchyServiceImpl - Boss founded: Evandro
INFO  2022-01-21 00:06:45.988 [http-nio-8080-exec-2] HierarchyServiceImpl - HashMap containing the relation has been created. Number of elements: 17
INFO  2022-01-21 00:06:46.000 [http-nio-8080-exec-2] HierarchyServiceImpl - {"name":"Evandro","subordinates":[]}
INFO  2022-01-21 00:07:40.866 [SpringApplicationShutdownHook] AbstractEntityManagerFactoryBean - Closing JPA EntityManagerFactory for persistence unit 'default'
INFO  2022-01-21 00:07:40.869 [SpringApplicationShutdownHook] HikariDataSource - HikariPool-1 - Shutdown initiated...
INFO  2022-01-21 00:07:40.885 [SpringApplicationShutdownHook] HikariDataSource - HikariPool-1 - Shutdown completed.
INFO  2022-01-21 00:10:14.769 [background-preinit] Version - HV000001: Hibernate Validator 6.2.0.Final
INFO  2022-01-21 00:10:14.809 [main] StartupInfoLogger - Starting CompanyHierarchyApplication using Java 11.0.1 on solomon with PID 62157 (/home/evandro/personal-workspace/company-hierarchy/target/classes started by evandro in /home/evandro/personal-workspace/company-hierarchy)
INFO  2022-01-21 00:10:14.817 [main] SpringApplication - No active profile set, falling back to default profiles: default
INFO  2022-01-21 00:10:16.334 [main] RepositoryConfigurationDelegate - Bootstrapping Spring Data JPA repositories in DEFAULT mode.
INFO  2022-01-21 00:10:16.411 [main] RepositoryConfigurationDelegate - Finished Spring Data repository scanning in 64 ms. Found 1 JPA repository interfaces.
INFO  2022-01-21 00:10:17.427 [main] TomcatWebServer - Tomcat initialized with port(s): 8080 (http)
INFO  2022-01-21 00:10:17.442 [main] DirectJDKLog - Initializing ProtocolHandler ["http-nio-8080"]
INFO  2022-01-21 00:10:17.444 [main] DirectJDKLog - Starting service [Tomcat]
INFO  2022-01-21 00:10:17.444 [main] DirectJDKLog - Starting Servlet engine: [Apache Tomcat/9.0.56]
INFO  2022-01-21 00:10:17.557 [main] DirectJDKLog - Initializing Spring embedded WebApplicationContext
INFO  2022-01-21 00:10:17.558 [main] ServletWebServerApplicationContext - Root WebApplicationContext: initialization completed in 2645 ms
INFO  2022-01-21 00:10:17.867 [main] LogHelper - HHH000204: Processing PersistenceUnitInfo [name: default]
INFO  2022-01-21 00:10:17.951 [main] Version - HHH000412: Hibernate ORM core version 5.6.3.Final
INFO  2022-01-21 00:10:18.161 [main] JavaReflectionManager - HCANN000001: Hibernate Commons Annotations {5.1.2.Final}
INFO  2022-01-21 00:10:18.313 [main] HikariDataSource - HikariPool-1 - Starting...
INFO  2022-01-21 00:10:18.598 [main] HikariDataSource - HikariPool-1 - Start completed.
INFO  2022-01-21 00:10:18.627 [main] Dialect - HHH000400: Using dialect: org.hibernate.dialect.PostgreSQLDialect
INFO  2022-01-21 00:10:19.535 [main] JtaPlatformInitiator - HHH000490: Using JtaPlatform implementation: [org.hibernate.engine.transaction.jta.platform.internal.NoJtaPlatform]
INFO  2022-01-21 00:10:19.547 [main] AbstractEntityManagerFactoryBean - Initialized JPA EntityManagerFactory for persistence unit 'default'
WARN  2022-01-21 00:10:20.613 [main] JpaBaseConfiguration$JpaWebConfiguration - spring.jpa.open-in-view is enabled by default. Therefore, database queries may be performed during view rendering. Explicitly configure spring.jpa.open-in-view to disable this warning
INFO  2022-01-21 00:10:20.871 [main] UserDetailsServiceAutoConfiguration - 

Using generated security password: 1f82eb5a-f614-4af4-93b9-1422ccd6b9b8

INFO  2022-01-21 00:10:21.084 [main] DefaultSecurityFilterChain - Will secure Ant [pattern='/v2/api-docs'] with []
INFO  2022-01-21 00:10:21.085 [main] DefaultSecurityFilterChain - Will secure Ant [pattern='/configuration/ui'] with []
INFO  2022-01-21 00:10:21.086 [main] DefaultSecurityFilterChain - Will secure Ant [pattern='/swagger-resources/**'] with []
INFO  2022-01-21 00:10:21.089 [main] DefaultSecurityFilterChain - Will secure Ant [pattern='/configuration/security'] with []
INFO  2022-01-21 00:10:21.090 [main] DefaultSecurityFilterChain - Will secure Ant [pattern='/swagger-ui.html'] with []
INFO  2022-01-21 00:10:21.091 [main] DefaultSecurityFilterChain - Will secure Ant [pattern='/webjars/**'] with []
INFO  2022-01-21 00:10:21.227 [main] DefaultSecurityFilterChain - Will secure any request with [org.springframework.security.web.context.request.async.WebAsyncManagerIntegrationFilter@406d922, org.springframework.security.web.context.SecurityContextPersistenceFilter@48224381, org.springframework.security.web.header.HeaderWriterFilter@15a591d9, org.springframework.security.web.authentication.logout.LogoutFilter@2a4f1bc5, com.personio.companyhierarchy.security.filter.JWTAuthenticationFilter@56017274, org.springframework.security.web.savedrequest.RequestCacheAwareFilter@193c3b1c, org.springframework.security.web.servletapi.SecurityContextHolderAwareRequestFilter@46aea9f7, org.springframework.security.web.authentication.AnonymousAuthenticationFilter@2bf0bb93, org.springframework.security.web.session.SessionManagementFilter@5b1cedfd, org.springframework.security.web.access.ExceptionTranslationFilter@7c816f46, org.springframework.security.web.access.intercept.FilterSecurityInterceptor@61627c9d]
INFO  2022-01-21 00:10:23.656 [main] DirectJDKLog - Starting ProtocolHandler ["http-nio-8080"]
INFO  2022-01-21 00:10:23.676 [main] TomcatWebServer - Tomcat started on port(s): 8080 (http) with context path ''
INFO  2022-01-21 00:10:23.694 [main] StartupInfoLogger - Started CompanyHierarchyApplication in 9.607 seconds (JVM running for 11.459)
INFO  2022-01-21 00:10:32.896 [http-nio-8080-exec-1] DirectJDKLog - Initializing Spring DispatcherServlet 'dispatcherServlet'
INFO  2022-01-21 00:10:32.897 [http-nio-8080-exec-1] FrameworkServlet - Initializing Servlet 'dispatcherServlet'
INFO  2022-01-21 00:10:32.900 [http-nio-8080-exec-1] FrameworkServlet - Completed initialization in 3 ms
INFO  2022-01-21 00:10:33.235 [http-nio-8080-exec-2] HierarchyController - Creating a new hierarchy. Submited structure: {
	"Pete": "Nick", 
	"Barbara": "Nick", 
	"Nick": "Sophie", 
	"Sophie": "Jonas",
	"Regina":"Nathalia",
	"Aurelio":"Regina",
	"Nathalia":"Stephanie",
	"Jonas":"Stephanie",
	"Stephanie":"Evandro",
	"Lucas":"Regina",
	"Alberto":"Edna",
	"Leonardo":"AnaJulia",
	"AnaJulia":"Alberto",
	"Juninho":"Leonardo",
	"Sophia":"Leonardo",
	"Edna":"Evandro",
	"Louro":"Edna"	
}
INFO  2022-01-21 00:10:33.247 [http-nio-8080-exec-2] HierarchyServiceImpl - Finding the boss of the structure...
INFO  2022-01-21 00:10:33.251 [http-nio-8080-exec-2] HierarchyServiceImpl - Boss founded: Evandro
INFO  2022-01-21 00:10:33.252 [http-nio-8080-exec-2] HierarchyServiceImpl - HashMap containing the relation has been created. Number of elements: 17
INFO  2022-01-21 00:10:33.253 [http-nio-8080-exec-2] HierarchyServiceImpl - Converting the structure into a tree...
INFO  2022-01-21 00:10:33.270 [http-nio-8080-exec-2] HierarchyServiceImpl - Strucutre tree: {"name":"Evandro","subordinates":[{"name":"Edna","subordinates":[{"name":"Alberto","subordinates":[{"name":"AnaJulia","subordinates":[{"name":"Leonardo","subordinates":[{"name":"Juninho","subordinates":[]},{"name":"Sophia","subordinates":[]}]}]}]},{"name":"Louro","subordinates":[]}]},{"name":"Stephanie","subordinates":[{"name":"Nathalia","subordinates":[{"name":"Regina","subordinates":[{"name":"Lucas","subordinates":[]},{"name":"Aurelio","subordinates":[]}]}]},{"name":"Jonas","subordinates":[{"name":"Sophie","subordinates":[{"name":"Nick","subordinates":[{"name":"Pete","subordinates":[]},{"name":"Barbara","subordinates":[]}]}]}]}]}]}
INFO  2022-01-21 00:14:00.871 [SpringApplicationShutdownHook] AbstractEntityManagerFactoryBean - Closing JPA EntityManagerFactory for persistence unit 'default'
INFO  2022-01-21 00:14:00.875 [SpringApplicationShutdownHook] HikariDataSource - HikariPool-1 - Shutdown initiated...
INFO  2022-01-21 00:14:00.910 [SpringApplicationShutdownHook] HikariDataSource - HikariPool-1 - Shutdown completed.
INFO  2022-01-21 00:14:07.991 [background-preinit] Version - HV000001: Hibernate Validator 6.2.0.Final
INFO  2022-01-21 00:14:08.087 [main] StartupInfoLogger - Starting CompanyHierarchyApplication using Java 11.0.1 on solomon with PID 63500 (/home/evandro/personal-workspace/company-hierarchy/target/classes started by evandro in /home/evandro/personal-workspace/company-hierarchy)
INFO  2022-01-21 00:14:08.095 [main] SpringApplication - No active profile set, falling back to default profiles: default
INFO  2022-01-21 00:14:09.457 [main] RepositoryConfigurationDelegate - Bootstrapping Spring Data JPA repositories in DEFAULT mode.
INFO  2022-01-21 00:14:09.532 [main] RepositoryConfigurationDelegate - Finished Spring Data repository scanning in 59 ms. Found 1 JPA repository interfaces.
INFO  2022-01-21 00:14:10.590 [main] TomcatWebServer - Tomcat initialized with port(s): 8080 (http)
INFO  2022-01-21 00:14:10.607 [main] DirectJDKLog - Initializing ProtocolHandler ["http-nio-8080"]
INFO  2022-01-21 00:14:10.609 [main] DirectJDKLog - Starting service [Tomcat]
INFO  2022-01-21 00:14:10.610 [main] DirectJDKLog - Starting Servlet engine: [Apache Tomcat/9.0.56]
INFO  2022-01-21 00:14:10.735 [main] DirectJDKLog - Initializing Spring embedded WebApplicationContext
INFO  2022-01-21 00:14:10.736 [main] ServletWebServerApplicationContext - Root WebApplicationContext: initialization completed in 2539 ms
INFO  2022-01-21 00:14:11.106 [main] LogHelper - HHH000204: Processing PersistenceUnitInfo [name: default]
INFO  2022-01-21 00:14:11.177 [main] Version - HHH000412: Hibernate ORM core version 5.6.3.Final
INFO  2022-01-21 00:14:11.400 [main] JavaReflectionManager - HCANN000001: Hibernate Commons Annotations {5.1.2.Final}
INFO  2022-01-21 00:14:11.545 [main] HikariDataSource - HikariPool-1 - Starting...
INFO  2022-01-21 00:14:11.774 [main] HikariDataSource - HikariPool-1 - Start completed.
INFO  2022-01-21 00:14:11.794 [main] Dialect - HHH000400: Using dialect: org.hibernate.dialect.PostgreSQLDialect
INFO  2022-01-21 00:14:12.629 [main] JtaPlatformInitiator - HHH000490: Using JtaPlatform implementation: [org.hibernate.engine.transaction.jta.platform.internal.NoJtaPlatform]
INFO  2022-01-21 00:14:12.639 [main] AbstractEntityManagerFactoryBean - Initialized JPA EntityManagerFactory for persistence unit 'default'
WARN  2022-01-21 00:14:13.636 [main] JpaBaseConfiguration$JpaWebConfiguration - spring.jpa.open-in-view is enabled by default. Therefore, database queries may be performed during view rendering. Explicitly configure spring.jpa.open-in-view to disable this warning
INFO  2022-01-21 00:14:13.959 [main] UserDetailsServiceAutoConfiguration - 

Using generated security password: 085fe0bd-b356-4aba-8190-380bbaf3200e

INFO  2022-01-21 00:14:14.181 [main] DefaultSecurityFilterChain - Will secure Ant [pattern='/v2/api-docs'] with []
INFO  2022-01-21 00:14:14.184 [main] DefaultSecurityFilterChain - Will secure Ant [pattern='/configuration/ui'] with []
INFO  2022-01-21 00:14:14.185 [main] DefaultSecurityFilterChain - Will secure Ant [pattern='/swagger-resources/**'] with []
INFO  2022-01-21 00:14:14.186 [main] DefaultSecurityFilterChain - Will secure Ant [pattern='/configuration/security'] with []
INFO  2022-01-21 00:14:14.190 [main] DefaultSecurityFilterChain - Will secure Ant [pattern='/swagger-ui.html'] with []
INFO  2022-01-21 00:14:14.190 [main] DefaultSecurityFilterChain - Will secure Ant [pattern='/webjars/**'] with []
INFO  2022-01-21 00:14:14.464 [main] DefaultSecurityFilterChain - Will secure any request with [org.springframework.security.web.context.request.async.WebAsyncManagerIntegrationFilter@5af7e2f, org.springframework.security.web.context.SecurityContextPersistenceFilter@1fc4b8d6, org.springframework.security.web.header.HeaderWriterFilter@47629063, org.springframework.security.web.authentication.logout.LogoutFilter@3b62c51e, com.personio.companyhierarchy.security.filter.JWTAuthenticationFilter@2df24f19, org.springframework.security.web.savedrequest.RequestCacheAwareFilter@7d381eae, org.springframework.security.web.servletapi.SecurityContextHolderAwareRequestFilter@787b7796, org.springframework.security.web.authentication.AnonymousAuthenticationFilter@c76762, org.springframework.security.web.session.SessionManagementFilter@61cff1e4, org.springframework.security.web.access.ExceptionTranslationFilter@401d83ce, org.springframework.security.web.access.intercept.FilterSecurityInterceptor@26619e5]
INFO  2022-01-21 00:14:16.847 [main] DirectJDKLog - Starting ProtocolHandler ["http-nio-8080"]
INFO  2022-01-21 00:14:16.870 [main] TomcatWebServer - Tomcat started on port(s): 8080 (http) with context path ''
INFO  2022-01-21 00:14:16.892 [main] StartupInfoLogger - Started CompanyHierarchyApplication in 9.554 seconds (JVM running for 11.341)
INFO  2022-01-21 00:14:20.032 [http-nio-8080-exec-1] DirectJDKLog - Initializing Spring DispatcherServlet 'dispatcherServlet'
INFO  2022-01-21 00:14:20.034 [http-nio-8080-exec-1] FrameworkServlet - Initializing Servlet 'dispatcherServlet'
INFO  2022-01-21 00:14:20.038 [http-nio-8080-exec-1] FrameworkServlet - Completed initialization in 2 ms
INFO  2022-01-21 00:14:20.423 [http-nio-8080-exec-2] HierarchyController - Creating a new hierarchy. Submited structure: {
	"Pete": "Nick", 
	"Barbara": "Nick", 
	"Nick": "Sophie", 
	"Sophie": "Jonas",
	"Regina":"Nathalia",
	"Aurelio":"Regina",
	"Nathalia":"Stephanie",
	"Jonas":"Stephanie",
	"Stephanie":"Evandro",
	"Lucas":"Regina",
	"Alberto":"Edna",
	"Leonardo":"AnaJulia",
	"AnaJulia":"Alberto",
	"Juninho":"Leonardo",
	"Sophia":"Leonardo",
	"Edna":"Evandro",
	"Louro":"Edna"	
}
INFO  2022-01-21 00:14:20.427 [http-nio-8080-exec-2] HierarchyServiceImpl - Finding the boss of the structure...
INFO  2022-01-21 00:14:20.428 [http-nio-8080-exec-2] HierarchyServiceImpl - Boss founded: Evandro
INFO  2022-01-21 00:14:20.429 [http-nio-8080-exec-2] HierarchyServiceImpl - HashMap containing the relation has been created. Number of elements: 17
INFO  2022-01-21 00:14:20.430 [http-nio-8080-exec-2] HierarchyServiceImpl - Converting the structure into a tree...
INFO  2022-01-21 00:14:20.448 [http-nio-8080-exec-2] HierarchyServiceImpl - Strucutre tree: {"name":"Evandro","subordinates":[{"name":"Edna","subordinates":[{"name":"Alberto","subordinates":[{"name":"AnaJulia","subordinates":[{"name":"Leonardo","subordinates":[{"name":"Juninho","subordinates":[]},{"name":"Sophia","subordinates":[]}]}]}]},{"name":"Louro","subordinates":[]}]},{"name":"Stephanie","subordinates":[{"name":"Nathalia","subordinates":[{"name":"Regina","subordinates":[{"name":"Lucas","subordinates":[]},{"name":"Aurelio","subordinates":[]}]}]},{"name":"Jonas","subordinates":[{"name":"Sophie","subordinates":[{"name":"Nick","subordinates":[{"name":"Pete","subordinates":[]},{"name":"Barbara","subordinates":[]}]}]}]}]}]}
INFO  2022-01-21 00:14:20.449 [http-nio-8080-exec-2] HierarchyServiceImpl - Saving the structure into database...
INFO  2022-01-21 00:14:20.577 [http-nio-8080-exec-2] HierarchyServiceImpl - Saved into database: {"employeeId":1,"name":"Evandro"}
INFO  2022-01-21 00:14:20.582 [http-nio-8080-exec-2] HierarchyServiceImpl - Saved into database: {"employeeId":2,"name":"Edna","managerId":1}
INFO  2022-01-21 00:14:20.588 [http-nio-8080-exec-2] HierarchyServiceImpl - Saved into database: {"employeeId":3,"name":"Alberto","managerId":2}
INFO  2022-01-21 00:14:20.594 [http-nio-8080-exec-2] HierarchyServiceImpl - Saved into database: {"employeeId":4,"name":"AnaJulia","managerId":3}
INFO  2022-01-21 00:14:20.603 [http-nio-8080-exec-2] HierarchyServiceImpl - Saved into database: {"employeeId":5,"name":"Leonardo","managerId":4}
INFO  2022-01-21 00:14:20.616 [http-nio-8080-exec-2] HierarchyServiceImpl - Saved into database: {"employeeId":6,"name":"Juninho","managerId":5}
INFO  2022-01-21 00:14:20.623 [http-nio-8080-exec-2] HierarchyServiceImpl - Saved into database: {"employeeId":7,"name":"Sophia","managerId":5}
INFO  2022-01-21 00:14:20.635 [http-nio-8080-exec-2] HierarchyServiceImpl - Saved into database: {"employeeId":8,"name":"Louro","managerId":2}
INFO  2022-01-21 00:14:20.654 [http-nio-8080-exec-2] HierarchyServiceImpl - Saved into database: {"employeeId":9,"name":"Stephanie","managerId":1}
INFO  2022-01-21 00:14:20.658 [http-nio-8080-exec-2] HierarchyServiceImpl - Saved into database: {"employeeId":10,"name":"Nathalia","managerId":9}
INFO  2022-01-21 00:14:20.668 [http-nio-8080-exec-2] HierarchyServiceImpl - Saved into database: {"employeeId":11,"name":"Regina","managerId":10}
INFO  2022-01-21 00:14:20.673 [http-nio-8080-exec-2] HierarchyServiceImpl - Saved into database: {"employeeId":12,"name":"Lucas","managerId":11}
INFO  2022-01-21 00:14:20.683 [http-nio-8080-exec-2] HierarchyServiceImpl - Saved into database: {"employeeId":13,"name":"Aurelio","managerId":11}
INFO  2022-01-21 00:14:20.697 [http-nio-8080-exec-2] HierarchyServiceImpl - Saved into database: {"employeeId":14,"name":"Jonas","managerId":9}
INFO  2022-01-21 00:14:20.706 [http-nio-8080-exec-2] HierarchyServiceImpl - Saved into database: {"employeeId":15,"name":"Sophie","managerId":14}
INFO  2022-01-21 00:14:20.711 [http-nio-8080-exec-2] HierarchyServiceImpl - Saved into database: {"employeeId":16,"name":"Nick","managerId":15}
INFO  2022-01-21 00:14:20.732 [http-nio-8080-exec-2] HierarchyServiceImpl - Saved into database: {"employeeId":17,"name":"Pete","managerId":16}
INFO  2022-01-21 00:14:20.740 [http-nio-8080-exec-2] HierarchyServiceImpl - Saved into database: {"employeeId":18,"name":"Barbara","managerId":16}
INFO  2022-01-21 00:14:59.802 [SpringApplicationShutdownHook] AbstractEntityManagerFactoryBean - Closing JPA EntityManagerFactory for persistence unit 'default'
INFO  2022-01-21 00:14:59.806 [SpringApplicationShutdownHook] HikariDataSource - HikariPool-1 - Shutdown initiated...
INFO  2022-01-21 00:14:59.819 [SpringApplicationShutdownHook] HikariDataSource - HikariPool-1 - Shutdown completed.
INFO  2022-01-21 00:15:06.600 [background-preinit] Version - HV000001: Hibernate Validator 6.2.0.Final
INFO  2022-01-21 00:15:06.675 [main] StartupInfoLogger - Starting CompanyHierarchyApplication using Java 11.0.1 on solomon with PID 63656 (/home/evandro/personal-workspace/company-hierarchy/target/classes started by evandro in /home/evandro/personal-workspace/company-hierarchy)
INFO  2022-01-21 00:15:06.682 [main] SpringApplication - No active profile set, falling back to default profiles: default
INFO  2022-01-21 00:15:08.199 [main] RepositoryConfigurationDelegate - Bootstrapping Spring Data JPA repositories in DEFAULT mode.
INFO  2022-01-21 00:15:08.284 [main] RepositoryConfigurationDelegate - Finished Spring Data repository scanning in 72 ms. Found 1 JPA repository interfaces.
INFO  2022-01-21 00:15:09.306 [main] TomcatWebServer - Tomcat initialized with port(s): 8080 (http)
INFO  2022-01-21 00:15:09.324 [main] DirectJDKLog - Initializing ProtocolHandler ["http-nio-8080"]
INFO  2022-01-21 00:15:09.326 [main] DirectJDKLog - Starting service [Tomcat]
INFO  2022-01-21 00:15:09.328 [main] DirectJDKLog - Starting Servlet engine: [Apache Tomcat/9.0.56]
INFO  2022-01-21 00:15:09.496 [main] DirectJDKLog - Initializing Spring embedded WebApplicationContext
INFO  2022-01-21 00:15:09.497 [main] ServletWebServerApplicationContext - Root WebApplicationContext: initialization completed in 2746 ms
INFO  2022-01-21 00:15:09.952 [main] LogHelper - HHH000204: Processing PersistenceUnitInfo [name: default]
INFO  2022-01-21 00:15:10.029 [main] Version - HHH000412: Hibernate ORM core version 5.6.3.Final
INFO  2022-01-21 00:15:10.208 [main] JavaReflectionManager - HCANN000001: Hibernate Commons Annotations {5.1.2.Final}
INFO  2022-01-21 00:15:10.319 [main] HikariDataSource - HikariPool-1 - Starting...
INFO  2022-01-21 00:15:10.645 [main] HikariDataSource - HikariPool-1 - Start completed.
INFO  2022-01-21 00:15:10.670 [main] Dialect - HHH000400: Using dialect: org.hibernate.dialect.PostgreSQLDialect
INFO  2022-01-21 00:15:11.583 [main] JtaPlatformInitiator - HHH000490: Using JtaPlatform implementation: [org.hibernate.engine.transaction.jta.platform.internal.NoJtaPlatform]
INFO  2022-01-21 00:15:11.597 [main] AbstractEntityManagerFactoryBean - Initialized JPA EntityManagerFactory for persistence unit 'default'
WARN  2022-01-21 00:15:12.614 [main] JpaBaseConfiguration$JpaWebConfiguration - spring.jpa.open-in-view is enabled by default. Therefore, database queries may be performed during view rendering. Explicitly configure spring.jpa.open-in-view to disable this warning
INFO  2022-01-21 00:15:12.867 [main] UserDetailsServiceAutoConfiguration - 

Using generated security password: caf899fd-9867-4a34-8bcd-35a85965ebe0

INFO  2022-01-21 00:15:13.017 [main] DefaultSecurityFilterChain - Will secure Ant [pattern='/v2/api-docs'] with []
INFO  2022-01-21 00:15:13.018 [main] DefaultSecurityFilterChain - Will secure Ant [pattern='/configuration/ui'] with []
INFO  2022-01-21 00:15:13.019 [main] DefaultSecurityFilterChain - Will secure Ant [pattern='/swagger-resources/**'] with []
INFO  2022-01-21 00:15:13.019 [main] DefaultSecurityFilterChain - Will secure Ant [pattern='/configuration/security'] with []
INFO  2022-01-21 00:15:13.020 [main] DefaultSecurityFilterChain - Will secure Ant [pattern='/swagger-ui.html'] with []
INFO  2022-01-21 00:15:13.020 [main] DefaultSecurityFilterChain - Will secure Ant [pattern='/webjars/**'] with []
INFO  2022-01-21 00:15:13.107 [main] DefaultSecurityFilterChain - Will secure any request with [org.springframework.security.web.context.request.async.WebAsyncManagerIntegrationFilter@5af7e2f, org.springframework.security.web.context.SecurityContextPersistenceFilter@1fc4b8d6, org.springframework.security.web.header.HeaderWriterFilter@47629063, org.springframework.security.web.authentication.logout.LogoutFilter@3b62c51e, com.personio.companyhierarchy.security.filter.JWTAuthenticationFilter@2df24f19, org.springframework.security.web.savedrequest.RequestCacheAwareFilter@7d381eae, org.springframework.security.web.servletapi.SecurityContextHolderAwareRequestFilter@787b7796, org.springframework.security.web.authentication.AnonymousAuthenticationFilter@c76762, org.springframework.security.web.session.SessionManagementFilter@61cff1e4, org.springframework.security.web.access.ExceptionTranslationFilter@401d83ce, org.springframework.security.web.access.intercept.FilterSecurityInterceptor@26619e5]
INFO  2022-01-21 00:15:15.479 [main] DirectJDKLog - Starting ProtocolHandler ["http-nio-8080"]
INFO  2022-01-21 00:15:15.506 [main] TomcatWebServer - Tomcat started on port(s): 8080 (http) with context path ''
INFO  2022-01-21 00:15:15.526 [main] StartupInfoLogger - Started CompanyHierarchyApplication in 9.584 seconds (JVM running for 11.349)
INFO  2022-01-21 00:15:18.834 [http-nio-8080-exec-1] DirectJDKLog - Initializing Spring DispatcherServlet 'dispatcherServlet'
INFO  2022-01-21 00:15:18.835 [http-nio-8080-exec-1] FrameworkServlet - Initializing Servlet 'dispatcherServlet'
INFO  2022-01-21 00:15:18.838 [http-nio-8080-exec-1] FrameworkServlet - Completed initialization in 3 ms
INFO  2022-01-21 00:15:19.006 [http-nio-8080-exec-1] HierarchyController - Creating a new hierarchy. Submited structure: {
	"Pete": "Nick", 
	"Barbara": "Nick", 
	"Nick": "Sophie", 
	"Sophie": "Jonas",
	"Regina":"Nathalia",
	"Aurelio":"Regina",
	"Nathalia":"Stephanie",
	"Jonas":"Stephanie",
	"Stephanie":"Evandro",
	"Lucas":"Regina",
	"Alberto":"Edna",
	"Leonardo":"AnaJulia",
	"AnaJulia":"Alberto",
	"Juninho":"Leonardo",
	"Sophia":"Leonardo",
	"Edna":"Evandro",
	"Louro":"Edna"	
}
INFO  2022-01-21 00:15:19.009 [http-nio-8080-exec-1] HierarchyServiceImpl - Finding the boss of the structure...
INFO  2022-01-21 00:15:19.010 [http-nio-8080-exec-1] HierarchyServiceImpl - Boss founded: Evandro
INFO  2022-01-21 00:15:19.010 [http-nio-8080-exec-1] HierarchyServiceImpl - HashMap containing the relation has been created. Number of elements: 17
INFO  2022-01-21 00:15:19.012 [http-nio-8080-exec-1] HierarchyServiceImpl - Converting the structure into a tree...
INFO  2022-01-21 00:15:19.033 [http-nio-8080-exec-1] HierarchyServiceImpl - Strucutre tree: {"name":"Evandro","subordinates":[{"name":"Edna","subordinates":[{"name":"Alberto","subordinates":[{"name":"AnaJulia","subordinates":[{"name":"Leonardo","subordinates":[{"name":"Juninho","subordinates":[]},{"name":"Sophia","subordinates":[]}]}]}]},{"name":"Louro","subordinates":[]}]},{"name":"Stephanie","subordinates":[{"name":"Nathalia","subordinates":[{"name":"Regina","subordinates":[{"name":"Lucas","subordinates":[]},{"name":"Aurelio","subordinates":[]}]}]},{"name":"Jonas","subordinates":[{"name":"Sophie","subordinates":[{"name":"Nick","subordinates":[{"name":"Pete","subordinates":[]},{"name":"Barbara","subordinates":[]}]}]}]}]}]}
INFO  2022-01-21 00:15:19.033 [http-nio-8080-exec-1] HierarchyServiceImpl - Saving the structure into database...
INFO  2022-01-21 00:15:19.169 [http-nio-8080-exec-1] HierarchyServiceImpl - Saved into database: {"employeeId":1,"name":"Evandro"}
INFO  2022-01-21 00:15:19.176 [http-nio-8080-exec-1] HierarchyServiceImpl - Saved into table 'employee': {"employeeId":2,"name":"Edna","managerId":1}
INFO  2022-01-21 00:15:19.183 [http-nio-8080-exec-1] HierarchyServiceImpl - Saved into table 'employee': {"employeeId":3,"name":"Alberto","managerId":2}
INFO  2022-01-21 00:15:19.191 [http-nio-8080-exec-1] HierarchyServiceImpl - Saved into table 'employee': {"employeeId":4,"name":"AnaJulia","managerId":3}
INFO  2022-01-21 00:15:19.197 [http-nio-8080-exec-1] HierarchyServiceImpl - Saved into table 'employee': {"employeeId":5,"name":"Leonardo","managerId":4}
INFO  2022-01-21 00:15:19.205 [http-nio-8080-exec-1] HierarchyServiceImpl - Saved into table 'employee': {"employeeId":6,"name":"Juninho","managerId":5}
INFO  2022-01-21 00:15:19.211 [http-nio-8080-exec-1] HierarchyServiceImpl - Saved into table 'employee': {"employeeId":7,"name":"Sophia","managerId":5}
INFO  2022-01-21 00:15:19.218 [http-nio-8080-exec-1] HierarchyServiceImpl - Saved into table 'employee': {"employeeId":8,"name":"Louro","managerId":2}
INFO  2022-01-21 00:15:19.223 [http-nio-8080-exec-1] HierarchyServiceImpl - Saved into table 'employee': {"employeeId":9,"name":"Stephanie","managerId":1}
INFO  2022-01-21 00:15:19.226 [http-nio-8080-exec-1] HierarchyServiceImpl - Saved into table 'employee': {"employeeId":10,"name":"Nathalia","managerId":9}
INFO  2022-01-21 00:15:19.231 [http-nio-8080-exec-1] HierarchyServiceImpl - Saved into table 'employee': {"employeeId":11,"name":"Regina","managerId":10}
INFO  2022-01-21 00:15:19.235 [http-nio-8080-exec-1] HierarchyServiceImpl - Saved into table 'employee': {"employeeId":12,"name":"Lucas","managerId":11}
INFO  2022-01-21 00:15:19.240 [http-nio-8080-exec-1] HierarchyServiceImpl - Saved into table 'employee': {"employeeId":13,"name":"Aurelio","managerId":11}
INFO  2022-01-21 00:15:19.244 [http-nio-8080-exec-1] HierarchyServiceImpl - Saved into table 'employee': {"employeeId":14,"name":"Jonas","managerId":9}
INFO  2022-01-21 00:15:19.251 [http-nio-8080-exec-1] HierarchyServiceImpl - Saved into table 'employee': {"employeeId":15,"name":"Sophie","managerId":14}
INFO  2022-01-21 00:15:19.256 [http-nio-8080-exec-1] HierarchyServiceImpl - Saved into table 'employee': {"employeeId":16,"name":"Nick","managerId":15}
INFO  2022-01-21 00:15:19.261 [http-nio-8080-exec-1] HierarchyServiceImpl - Saved into table 'employee': {"employeeId":17,"name":"Pete","managerId":16}
INFO  2022-01-21 00:15:19.268 [http-nio-8080-exec-1] HierarchyServiceImpl - Saved into table 'employee': {"employeeId":18,"name":"Barbara","managerId":16}
INFO  2022-01-21 00:18:07.094 [SpringApplicationShutdownHook] AbstractEntityManagerFactoryBean - Closing JPA EntityManagerFactory for persistence unit 'default'
INFO  2022-01-21 00:18:07.098 [SpringApplicationShutdownHook] HikariDataSource - HikariPool-1 - Shutdown initiated...
INFO  2022-01-21 00:18:07.121 [SpringApplicationShutdownHook] HikariDataSource - HikariPool-1 - Shutdown completed.
INFO  2022-01-21 00:18:17.066 [background-preinit] Version - HV000001: Hibernate Validator 6.2.0.Final
INFO  2022-01-21 00:18:17.169 [main] StartupInfoLogger - Starting CompanyHierarchyApplication using Java 11.0.1 on solomon with PID 64327 (/home/evandro/personal-workspace/company-hierarchy/target/classes started by evandro in /home/evandro/personal-workspace/company-hierarchy)
INFO  2022-01-21 00:18:17.195 [main] SpringApplication - No active profile set, falling back to default profiles: default
INFO  2022-01-21 00:18:20.678 [main] RepositoryConfigurationDelegate - Bootstrapping Spring Data JPA repositories in DEFAULT mode.
INFO  2022-01-21 00:18:20.811 [main] RepositoryConfigurationDelegate - Finished Spring Data repository scanning in 102 ms. Found 1 JPA repository interfaces.
INFO  2022-01-21 00:18:23.012 [main] TomcatWebServer - Tomcat initialized with port(s): 8080 (http)
INFO  2022-01-21 00:18:23.039 [main] DirectJDKLog - Initializing ProtocolHandler ["http-nio-8080"]
INFO  2022-01-21 00:18:23.040 [main] DirectJDKLog - Starting service [Tomcat]
INFO  2022-01-21 00:18:23.041 [main] DirectJDKLog - Starting Servlet engine: [Apache Tomcat/9.0.56]
INFO  2022-01-21 00:18:23.225 [main] DirectJDKLog - Initializing Spring embedded WebApplicationContext
INFO  2022-01-21 00:18:23.226 [main] ServletWebServerApplicationContext - Root WebApplicationContext: initialization completed in 5810 ms
INFO  2022-01-21 00:18:23.805 [main] LogHelper - HHH000204: Processing PersistenceUnitInfo [name: default]
INFO  2022-01-21 00:18:23.925 [main] Version - HHH000412: Hibernate ORM core version 5.6.3.Final
INFO  2022-01-21 00:18:24.546 [main] JavaReflectionManager - HCANN000001: Hibernate Commons Annotations {5.1.2.Final}
INFO  2022-01-21 00:18:24.928 [main] HikariDataSource - HikariPool-1 - Starting...
INFO  2022-01-21 00:18:25.466 [main] HikariDataSource - HikariPool-1 - Start completed.
INFO  2022-01-21 00:18:25.495 [main] Dialect - HHH000400: Using dialect: org.hibernate.dialect.PostgreSQLDialect
INFO  2022-01-21 00:18:26.705 [main] JtaPlatformInitiator - HHH000490: Using JtaPlatform implementation: [org.hibernate.engine.transaction.jta.platform.internal.NoJtaPlatform]
INFO  2022-01-21 00:18:26.716 [main] AbstractEntityManagerFactoryBean - Initialized JPA EntityManagerFactory for persistence unit 'default'
WARN  2022-01-21 00:18:28.418 [main] JpaBaseConfiguration$JpaWebConfiguration - spring.jpa.open-in-view is enabled by default. Therefore, database queries may be performed during view rendering. Explicitly configure spring.jpa.open-in-view to disable this warning
INFO  2022-01-21 00:18:29.138 [main] UserDetailsServiceAutoConfiguration - 

Using generated security password: 9deb64f2-979c-49ab-bc9c-dac1769bb74b

INFO  2022-01-21 00:18:29.622 [main] DefaultSecurityFilterChain - Will secure Ant [pattern='/v2/api-docs'] with []
INFO  2022-01-21 00:18:29.625 [main] DefaultSecurityFilterChain - Will secure Ant [pattern='/configuration/ui'] with []
INFO  2022-01-21 00:18:29.626 [main] DefaultSecurityFilterChain - Will secure Ant [pattern='/swagger-resources/**'] with []
INFO  2022-01-21 00:18:29.628 [main] DefaultSecurityFilterChain - Will secure Ant [pattern='/configuration/security'] with []
INFO  2022-01-21 00:18:29.639 [main] DefaultSecurityFilterChain - Will secure Ant [pattern='/swagger-ui.html'] with []
INFO  2022-01-21 00:18:29.643 [main] DefaultSecurityFilterChain - Will secure Ant [pattern='/webjars/**'] with []
INFO  2022-01-21 00:18:29.855 [main] DefaultSecurityFilterChain - Will secure any request with [org.springframework.security.web.context.request.async.WebAsyncManagerIntegrationFilter@18f794e, org.springframework.security.web.context.SecurityContextPersistenceFilter@30b29f55, org.springframework.security.web.header.HeaderWriterFilter@7552f05b, org.springframework.security.web.authentication.logout.LogoutFilter@14af57c3, com.personio.companyhierarchy.security.filter.JWTAuthenticationFilter@389a9ff6, org.springframework.security.web.savedrequest.RequestCacheAwareFilter@7c9c7e7d, org.springframework.security.web.servletapi.SecurityContextHolderAwareRequestFilter@682270ff, org.springframework.security.web.authentication.AnonymousAuthenticationFilter@15af06f, org.springframework.security.web.session.SessionManagementFilter@7f1b2f07, org.springframework.security.web.access.ExceptionTranslationFilter@22f0e329, org.springframework.security.web.access.intercept.FilterSecurityInterceptor@1a82453]
INFO  2022-01-21 00:18:34.068 [main] DirectJDKLog - Starting ProtocolHandler ["http-nio-8080"]
INFO  2022-01-21 00:18:34.145 [main] TomcatWebServer - Tomcat started on port(s): 8080 (http) with context path ''
INFO  2022-01-21 00:18:34.189 [main] StartupInfoLogger - Started CompanyHierarchyApplication in 18.293 seconds (JVM running for 21.892)
INFO  2022-01-21 00:19:01.468 [http-nio-8080-exec-1] DirectJDKLog - Initializing Spring DispatcherServlet 'dispatcherServlet'
INFO  2022-01-21 00:19:01.469 [http-nio-8080-exec-1] FrameworkServlet - Initializing Servlet 'dispatcherServlet'
INFO  2022-01-21 00:19:01.473 [http-nio-8080-exec-1] FrameworkServlet - Completed initialization in 3 ms
INFO  2022-01-21 00:19:01.845 [http-nio-8080-exec-2] HierarchyController - Creating a new hierarchy. Submitted structure: {
	"Pete": "Nick", 
	"Barbara": "Nick", 
	"Nick": "Sophie", 
	"Sophie": "Jonas",
	"Regina":"Nathalia",
	"Aurelio":"Regina",
	"Nathalia":"Stephanie",
	"Jonas":"Stephanie",
	"Stephanie":"Evandro",
	"Lucas":"Regina",
	"Alberto":"Edna",
	"Leonardo":"AnaJulia",
	"AnaJulia":"Alberto",
	"Juninho":"Leonardo",
	"Sophia":"Leonardo",
	"Edna":"Evandro",
	"Louro":"Edna"	
}
INFO  2022-01-21 00:19:01.851 [http-nio-8080-exec-2] HierarchyServiceImpl - Finding the boss of the structure...
INFO  2022-01-21 00:19:01.853 [http-nio-8080-exec-2] HierarchyServiceImpl - Boss founded: Evandro
INFO  2022-01-21 00:19:01.854 [http-nio-8080-exec-2] HierarchyServiceImpl - HashMap containing the relation has been created. Number of elements: 17
INFO  2022-01-21 00:19:01.856 [http-nio-8080-exec-2] HierarchyServiceImpl - Converting the structure into a tree...
INFO  2022-01-21 00:19:01.871 [http-nio-8080-exec-2] HierarchyServiceImpl - Strucutre tree: {"name":"Evandro","subordinates":[{"name":"Edna","subordinates":[{"name":"Alberto","subordinates":[{"name":"AnaJulia","subordinates":[{"name":"Leonardo","subordinates":[{"name":"Juninho","subordinates":[]},{"name":"Sophia","subordinates":[]}]}]}]},{"name":"Louro","subordinates":[]}]},{"name":"Stephanie","subordinates":[{"name":"Nathalia","subordinates":[{"name":"Regina","subordinates":[{"name":"Lucas","subordinates":[]},{"name":"Aurelio","subordinates":[]}]}]},{"name":"Jonas","subordinates":[{"name":"Sophie","subordinates":[{"name":"Nick","subordinates":[{"name":"Pete","subordinates":[]},{"name":"Barbara","subordinates":[]}]}]}]}]}]}
INFO  2022-01-21 00:19:01.871 [http-nio-8080-exec-2] HierarchyServiceImpl - Saving the structure into database...
INFO  2022-01-21 00:19:02.019 [http-nio-8080-exec-2] HierarchyServiceImpl - Saved into database: {"employeeId":1,"name":"Evandro"}
INFO  2022-01-21 00:19:02.026 [http-nio-8080-exec-2] HierarchyServiceImpl - Saved into table 'employee': {"employeeId":2,"name":"Edna","managerId":1}
INFO  2022-01-21 00:19:02.031 [http-nio-8080-exec-2] HierarchyServiceImpl - Saved into table 'employee': {"employeeId":3,"name":"Alberto","managerId":2}
INFO  2022-01-21 00:19:02.047 [http-nio-8080-exec-2] HierarchyServiceImpl - Saved into table 'employee': {"employeeId":4,"name":"AnaJulia","managerId":3}
INFO  2022-01-21 00:19:02.054 [http-nio-8080-exec-2] HierarchyServiceImpl - Saved into table 'employee': {"employeeId":5,"name":"Leonardo","managerId":4}
INFO  2022-01-21 00:19:02.070 [http-nio-8080-exec-2] HierarchyServiceImpl - Saved into table 'employee': {"employeeId":6,"name":"Juninho","managerId":5}
INFO  2022-01-21 00:19:02.086 [http-nio-8080-exec-2] HierarchyServiceImpl - Saved into table 'employee': {"employeeId":7,"name":"Sophia","managerId":5}
INFO  2022-01-21 00:19:02.104 [http-nio-8080-exec-2] HierarchyServiceImpl - Saved into table 'employee': {"employeeId":8,"name":"Louro","managerId":2}
INFO  2022-01-21 00:19:02.112 [http-nio-8080-exec-2] HierarchyServiceImpl - Saved into table 'employee': {"employeeId":9,"name":"Stephanie","managerId":1}
INFO  2022-01-21 00:19:02.121 [http-nio-8080-exec-2] HierarchyServiceImpl - Saved into table 'employee': {"employeeId":10,"name":"Nathalia","managerId":9}
INFO  2022-01-21 00:19:02.133 [http-nio-8080-exec-2] HierarchyServiceImpl - Saved into table 'employee': {"employeeId":11,"name":"Regina","managerId":10}
INFO  2022-01-21 00:19:02.147 [http-nio-8080-exec-2] HierarchyServiceImpl - Saved into table 'employee': {"employeeId":12,"name":"Lucas","managerId":11}
INFO  2022-01-21 00:19:02.154 [http-nio-8080-exec-2] HierarchyServiceImpl - Saved into table 'employee': {"employeeId":13,"name":"Aurelio","managerId":11}
INFO  2022-01-21 00:19:02.163 [http-nio-8080-exec-2] HierarchyServiceImpl - Saved into table 'employee': {"employeeId":14,"name":"Jonas","managerId":9}
INFO  2022-01-21 00:19:02.167 [http-nio-8080-exec-2] HierarchyServiceImpl - Saved into table 'employee': {"employeeId":15,"name":"Sophie","managerId":14}
INFO  2022-01-21 00:19:02.173 [http-nio-8080-exec-2] HierarchyServiceImpl - Saved into table 'employee': {"employeeId":16,"name":"Nick","managerId":15}
INFO  2022-01-21 00:19:02.179 [http-nio-8080-exec-2] HierarchyServiceImpl - Saved into table 'employee': {"employeeId":17,"name":"Pete","managerId":16}
INFO  2022-01-21 00:19:02.184 [http-nio-8080-exec-2] HierarchyServiceImpl - Saved into table 'employee': {"employeeId":18,"name":"Barbara","managerId":16}
INFO  2022-01-21 00:19:02.191 [http-nio-8080-exec-2] HierarchyServiceImpl - Returning response : {"Evandro":{"Edna":{"Alberto":{"AnaJulia":{"Leonardo":{"Juninho":{},"Sophia":{}}}},"Louro":{}},"Stephanie":{"Nathalia":{"Regina":{"Lucas":{},"Aurelio":{}}},"Jonas":{"Sophie":{"Nick":{"Pete":{},"Barbara":{}}}}}}}
INFO  2022-01-21 00:19:42.324 [SpringApplicationShutdownHook] AbstractEntityManagerFactoryBean - Closing JPA EntityManagerFactory for persistence unit 'default'
INFO  2022-01-21 00:19:42.327 [SpringApplicationShutdownHook] HikariDataSource - HikariPool-1 - Shutdown initiated...
INFO  2022-01-21 00:19:42.358 [SpringApplicationShutdownHook] HikariDataSource - HikariPool-1 - Shutdown completed.
INFO  2022-01-21 00:24:46.628 [background-preinit] Version - HV000001: Hibernate Validator 6.2.0.Final
INFO  2022-01-21 00:24:46.676 [main] StartupInfoLogger - Starting CompanyHierarchyApplication using Java 11.0.1 on solomon with PID 64691 (/home/evandro/personal-workspace/company-hierarchy/target/classes started by evandro in /home/evandro/personal-workspace/company-hierarchy)
INFO  2022-01-21 00:24:46.695 [main] SpringApplication - No active profile set, falling back to default profiles: default
INFO  2022-01-21 00:24:48.209 [main] RepositoryConfigurationDelegate - Bootstrapping Spring Data JPA repositories in DEFAULT mode.
INFO  2022-01-21 00:24:48.294 [main] RepositoryConfigurationDelegate - Finished Spring Data repository scanning in 70 ms. Found 1 JPA repository interfaces.
INFO  2022-01-21 00:24:49.306 [main] TomcatWebServer - Tomcat initialized with port(s): 8080 (http)
INFO  2022-01-21 00:24:49.324 [main] DirectJDKLog - Initializing ProtocolHandler ["http-nio-8080"]
INFO  2022-01-21 00:24:49.326 [main] DirectJDKLog - Starting service [Tomcat]
INFO  2022-01-21 00:24:49.327 [main] DirectJDKLog - Starting Servlet engine: [Apache Tomcat/9.0.56]
INFO  2022-01-21 00:24:49.459 [main] DirectJDKLog - Initializing Spring embedded WebApplicationContext
INFO  2022-01-21 00:24:49.461 [main] ServletWebServerApplicationContext - Root WebApplicationContext: initialization completed in 2703 ms
INFO  2022-01-21 00:24:49.831 [main] LogHelper - HHH000204: Processing PersistenceUnitInfo [name: default]
INFO  2022-01-21 00:24:49.933 [main] Version - HHH000412: Hibernate ORM core version 5.6.3.Final
INFO  2022-01-21 00:24:50.165 [main] JavaReflectionManager - HCANN000001: Hibernate Commons Annotations {5.1.2.Final}
INFO  2022-01-21 00:24:50.326 [main] HikariDataSource - HikariPool-1 - Starting...
INFO  2022-01-21 00:24:50.616 [main] HikariDataSource - HikariPool-1 - Start completed.
INFO  2022-01-21 00:24:50.648 [main] Dialect - HHH000400: Using dialect: org.hibernate.dialect.PostgreSQLDialect
INFO  2022-01-21 00:24:51.471 [main] JtaPlatformInitiator - HHH000490: Using JtaPlatform implementation: [org.hibernate.engine.transaction.jta.platform.internal.NoJtaPlatform]
INFO  2022-01-21 00:24:51.481 [main] AbstractEntityManagerFactoryBean - Initialized JPA EntityManagerFactory for persistence unit 'default'
WARN  2022-01-21 00:24:52.312 [main] JpaBaseConfiguration$JpaWebConfiguration - spring.jpa.open-in-view is enabled by default. Therefore, database queries may be performed during view rendering. Explicitly configure spring.jpa.open-in-view to disable this warning
INFO  2022-01-21 00:24:52.487 [main] UserDetailsServiceAutoConfiguration - 

Using generated security password: 52b9c1e0-08ee-4a0f-a569-58c9fee7c6be

INFO  2022-01-21 00:24:52.750 [main] DefaultSecurityFilterChain - Will secure Ant [pattern='/v2/api-docs'] with []
INFO  2022-01-21 00:24:52.753 [main] DefaultSecurityFilterChain - Will secure Ant [pattern='/configuration/ui'] with []
INFO  2022-01-21 00:24:52.753 [main] DefaultSecurityFilterChain - Will secure Ant [pattern='/swagger-resources/**'] with []
INFO  2022-01-21 00:24:52.754 [main] DefaultSecurityFilterChain - Will secure Ant [pattern='/configuration/security'] with []
INFO  2022-01-21 00:24:52.754 [main] DefaultSecurityFilterChain - Will secure Ant [pattern='/swagger-ui.html'] with []
INFO  2022-01-21 00:24:52.754 [main] DefaultSecurityFilterChain - Will secure Ant [pattern='/webjars/**'] with []
INFO  2022-01-21 00:24:52.858 [main] DefaultSecurityFilterChain - Will secure any request with [org.springframework.security.web.context.request.async.WebAsyncManagerIntegrationFilter@33d08a24, org.springframework.security.web.context.SecurityContextPersistenceFilter@47629063, org.springframework.security.web.header.HeaderWriterFilter@758ac46, org.springframework.security.web.authentication.logout.LogoutFilter@f31b991, com.personio.companyhierarchy.security.filter.JWTAuthenticationFilter@255b84a9, org.springframework.security.web.savedrequest.RequestCacheAwareFilter@795949fb, org.springframework.security.web.servletapi.SecurityContextHolderAwareRequestFilter@62b0792, org.springframework.security.web.authentication.AnonymousAuthenticationFilter@3a286095, org.springframework.security.web.session.SessionManagementFilter@5abc488d, org.springframework.security.web.access.ExceptionTranslationFilter@8961e55, org.springframework.security.web.access.intercept.FilterSecurityInterceptor@1a59500b]
INFO  2022-01-21 00:24:55.103 [main] DirectJDKLog - Starting ProtocolHandler ["http-nio-8080"]
INFO  2022-01-21 00:24:55.129 [main] TomcatWebServer - Tomcat started on port(s): 8080 (http) with context path ''
INFO  2022-01-21 00:24:55.145 [main] StartupInfoLogger - Started CompanyHierarchyApplication in 9.067 seconds (JVM running for 11.412)
INFO  2022-01-21 00:24:58.936 [http-nio-8080-exec-1] DirectJDKLog - Initializing Spring DispatcherServlet 'dispatcherServlet'
INFO  2022-01-21 00:24:58.937 [http-nio-8080-exec-1] FrameworkServlet - Initializing Servlet 'dispatcherServlet'
INFO  2022-01-21 00:24:58.940 [http-nio-8080-exec-1] FrameworkServlet - Completed initialization in 3 ms
INFO  2022-01-21 00:25:06.759 [http-nio-8080-exec-2] HierarchyController - Searching for supervisor and supervisor's supervisor of the employee 'Barbara'
INFO  2022-01-21 00:25:06.841 [http-nio-8080-exec-2] HierarchyServiceImpl - Supervisors of 'Barbara' found in database: [{"employeeId":15,"name":"Sophie","managerId":14},{"employeeId":16,"name":"Nick","managerId":15},{"employeeId":18,"name":"Barbara","managerId":16}]
INFO  2022-01-21 00:27:20.221 [SpringApplicationShutdownHook] AbstractEntityManagerFactoryBean - Closing JPA EntityManagerFactory for persistence unit 'default'
INFO  2022-01-21 00:27:20.224 [SpringApplicationShutdownHook] HikariDataSource - HikariPool-1 - Shutdown initiated...
INFO  2022-01-21 00:27:20.239 [SpringApplicationShutdownHook] HikariDataSource - HikariPool-1 - Shutdown completed.
INFO  2022-01-21 00:27:28.085 [background-preinit] Version - HV000001: Hibernate Validator 6.2.0.Final
INFO  2022-01-21 00:27:28.182 [main] StartupInfoLogger - Starting CompanyHierarchyApplication using Java 11.0.1 on solomon with PID 65669 (/home/evandro/personal-workspace/company-hierarchy/target/classes started by evandro in /home/evandro/personal-workspace/company-hierarchy)
INFO  2022-01-21 00:27:28.203 [main] SpringApplication - No active profile set, falling back to default profiles: default
INFO  2022-01-21 00:27:29.759 [main] RepositoryConfigurationDelegate - Bootstrapping Spring Data JPA repositories in DEFAULT mode.
INFO  2022-01-21 00:27:29.846 [main] RepositoryConfigurationDelegate - Finished Spring Data repository scanning in 73 ms. Found 1 JPA repository interfaces.
INFO  2022-01-21 00:27:30.916 [main] TomcatWebServer - Tomcat initialized with port(s): 8080 (http)
INFO  2022-01-21 00:27:30.968 [main] DirectJDKLog - Initializing ProtocolHandler ["http-nio-8080"]
INFO  2022-01-21 00:27:30.969 [main] DirectJDKLog - Starting service [Tomcat]
INFO  2022-01-21 00:27:30.970 [main] DirectJDKLog - Starting Servlet engine: [Apache Tomcat/9.0.56]
INFO  2022-01-21 00:27:31.145 [main] DirectJDKLog - Initializing Spring embedded WebApplicationContext
INFO  2022-01-21 00:27:31.146 [main] ServletWebServerApplicationContext - Root WebApplicationContext: initialization completed in 2856 ms
INFO  2022-01-21 00:27:31.560 [main] LogHelper - HHH000204: Processing PersistenceUnitInfo [name: default]
INFO  2022-01-21 00:27:31.673 [main] Version - HHH000412: Hibernate ORM core version 5.6.3.Final
INFO  2022-01-21 00:27:31.908 [main] JavaReflectionManager - HCANN000001: Hibernate Commons Annotations {5.1.2.Final}
INFO  2022-01-21 00:27:32.058 [main] HikariDataSource - HikariPool-1 - Starting...
INFO  2022-01-21 00:27:32.367 [main] HikariDataSource - HikariPool-1 - Start completed.
INFO  2022-01-21 00:27:32.394 [main] Dialect - HHH000400: Using dialect: org.hibernate.dialect.PostgreSQLDialect
INFO  2022-01-21 00:27:33.225 [main] JtaPlatformInitiator - HHH000490: Using JtaPlatform implementation: [org.hibernate.engine.transaction.jta.platform.internal.NoJtaPlatform]
INFO  2022-01-21 00:27:33.236 [main] AbstractEntityManagerFactoryBean - Initialized JPA EntityManagerFactory for persistence unit 'default'
WARN  2022-01-21 00:27:34.144 [main] JpaBaseConfiguration$JpaWebConfiguration - spring.jpa.open-in-view is enabled by default. Therefore, database queries may be performed during view rendering. Explicitly configure spring.jpa.open-in-view to disable this warning
INFO  2022-01-21 00:27:34.366 [main] UserDetailsServiceAutoConfiguration - 

Using generated security password: 45ff763e-7aa8-48d9-8675-991eec624da5

INFO  2022-01-21 00:27:34.606 [main] DefaultSecurityFilterChain - Will secure Ant [pattern='/v2/api-docs'] with []
INFO  2022-01-21 00:27:34.607 [main] DefaultSecurityFilterChain - Will secure Ant [pattern='/configuration/ui'] with []
INFO  2022-01-21 00:27:34.608 [main] DefaultSecurityFilterChain - Will secure Ant [pattern='/swagger-resources/**'] with []
INFO  2022-01-21 00:27:34.608 [main] DefaultSecurityFilterChain - Will secure Ant [pattern='/configuration/security'] with []
INFO  2022-01-21 00:27:34.608 [main] DefaultSecurityFilterChain - Will secure Ant [pattern='/swagger-ui.html'] with []
INFO  2022-01-21 00:27:34.609 [main] DefaultSecurityFilterChain - Will secure Ant [pattern='/webjars/**'] with []
INFO  2022-01-21 00:27:34.725 [main] DefaultSecurityFilterChain - Will secure any request with [org.springframework.security.web.context.request.async.WebAsyncManagerIntegrationFilter@55849272, org.springframework.security.web.context.SecurityContextPersistenceFilter@787b7796, org.springframework.security.web.header.HeaderWriterFilter@62b0792, org.springframework.security.web.authentication.logout.LogoutFilter@492d38a2, com.personio.companyhierarchy.security.filter.JWTAuthenticationFilter@2eb91767, org.springframework.security.web.savedrequest.RequestCacheAwareFilter@325a781c, org.springframework.security.web.servletapi.SecurityContextHolderAwareRequestFilter@cce672c, org.springframework.security.web.authentication.AnonymousAuthenticationFilter@520eb9f8, org.springframework.security.web.session.SessionManagementFilter@47800bd7, org.springframework.security.web.access.ExceptionTranslationFilter@14af57c3, org.springframework.security.web.access.intercept.FilterSecurityInterceptor@33d08a24]
INFO  2022-01-21 00:27:37.107 [main] DirectJDKLog - Starting ProtocolHandler ["http-nio-8080"]
INFO  2022-01-21 00:27:37.135 [main] TomcatWebServer - Tomcat started on port(s): 8080 (http) with context path ''
INFO  2022-01-21 00:27:37.150 [main] StartupInfoLogger - Started CompanyHierarchyApplication in 9.775 seconds (JVM running for 11.765)
INFO  2022-01-21 00:27:40.428 [http-nio-8080-exec-1] DirectJDKLog - Initializing Spring DispatcherServlet 'dispatcherServlet'
INFO  2022-01-21 00:27:40.429 [http-nio-8080-exec-1] FrameworkServlet - Initializing Servlet 'dispatcherServlet'
INFO  2022-01-21 00:27:40.437 [http-nio-8080-exec-1] FrameworkServlet - Completed initialization in 4 ms
INFO  2022-01-21 00:27:40.977 [http-nio-8080-exec-2] HierarchyController - Searching for supervisor and supervisor's supervisor of the employee 'Barbara'
INFO  2022-01-21 00:27:41.050 [http-nio-8080-exec-2] HierarchyServiceImpl - It was found 3 employees related to 'Barbara'
INFO  2022-01-21 00:27:41.058 [http-nio-8080-exec-2] HierarchyServiceImpl - Supervisors of 'Barbara' found in database: {"name":"Sophie","subordinates":[{"name":"Nick","subordinates":[{"name":"Barbara","subordinates":[]}]}]}
INFO  2022-01-21 00:27:41.062 [http-nio-8080-exec-2] HierarchyServiceImpl - Returning response: {"Sophie":{"Nick":{"Barbara":{}}}}
INFO  2022-01-21 00:28:14.267 [SpringApplicationShutdownHook] AbstractEntityManagerFactoryBean - Closing JPA EntityManagerFactory for persistence unit 'default'
INFO  2022-01-21 00:28:14.271 [SpringApplicationShutdownHook] HikariDataSource - HikariPool-1 - Shutdown initiated...
INFO  2022-01-21 00:28:14.285 [SpringApplicationShutdownHook] HikariDataSource - HikariPool-1 - Shutdown completed.
